<?xml version="1.0" encoding="UTF-8"?>
<testsuite name="SieveTest" tests="3" skipped="0" failures="0" errors="0" timestamp="2017-10-25T18:06:03" hostname="jkurina" time="0.034">
  <properties/>
  <testcase name="findFirstPrime" classname="SieveTest" time="0.005"/>
  <testcase name="findPrimesUpTo1000" classname="SieveTest" time="0.021"/>
  <testcase name="findPrimesUpTo10" classname="SieveTest" time="0.001"/>
  <system-out><![CDATA[]]></system-out>
  <system-err><![CDATA[]]></system-err>
</testsuite>
