<?xml version="1.0" encoding="UTF-8"?>
<testsuite name="MatrixTest$GetLastColumnTest" tests="10" skipped="0" failures="0" errors="0" timestamp="2017-10-23T23:40:21" hostname="jkurina" time="0.601">
  <properties/>
  <testcase name="getLastColumnTest[0: checking last column of matrix constructed with string &#10;&quot;0&quot;.]" classname="MatrixTest$GetLastColumnTest" time="0.01"/>
  <testcase name="getLastColumnTest[1: checking last column of matrix constructed with string &#10;&quot;0 1&quot;.]" classname="MatrixTest$GetLastColumnTest" time="0.002"/>
  <testcase name="getLastColumnTest[2: checking last column of matrix constructed with string &#10;&quot;0&#10;1&quot;.]" classname="MatrixTest$GetLastColumnTest" time="0.003"/>
  <testcase name="getLastColumnTest[3: checking last column of matrix constructed with string &#10;&quot;0 1&#10;2 3&quot;.]" classname="MatrixTest$GetLastColumnTest" time="0.002"/>
  <testcase name="getLastColumnTest[4: checking last column of matrix constructed with string &#10;&quot;0 1 2&#10;3 4 5&#10;6 7 8&quot;.]" classname="MatrixTest$GetLastColumnTest" time="0.001"/>
  <testcase name="getLastColumnTest[0: checking last column of matrix constructed with string &#10;&quot;0&quot;.]" classname="MatrixTest$GetLastColumnTest" time="0.007"/>
  <testcase name="getLastColumnTest[1: checking last column of matrix constructed with string &#10;&quot;0 1&quot;.]" classname="MatrixTest$GetLastColumnTest" time="0.001"/>
  <testcase name="getLastColumnTest[2: checking last column of matrix constructed with string &#10;&quot;0&#10;1&quot;.]" classname="MatrixTest$GetLastColumnTest" time="0.001"/>
  <testcase name="getLastColumnTest[3: checking last column of matrix constructed with string &#10;&quot;0 1&#10;2 3&quot;.]" classname="MatrixTest$GetLastColumnTest" time="0.011"/>
  <testcase name="getLastColumnTest[4: checking last column of matrix constructed with string &#10;&quot;0 1 2&#10;3 4 5&#10;6 7 8&quot;.]" classname="MatrixTest$GetLastColumnTest" time="0.001"/>
  <system-out><![CDATA[]]></system-out>
  <system-err><![CDATA[]]></system-err>
</testsuite>
