<?xml version="1.0" encoding="UTF-8"?>
<testsuite name="MatrixTest$GetFirstRowTest" tests="10" skipped="0" failures="0" errors="0" timestamp="2017-10-23T23:40:21" hostname="jkurina" time="0.604">
  <properties/>
  <testcase name="getFirstRowTest[0: checking first row of matrix constructed with string &#10;&quot;0&quot;.]" classname="MatrixTest$GetFirstRowTest" time="0.007"/>
  <testcase name="getFirstRowTest[1: checking first row of matrix constructed with string &#10;&quot;0 1&quot;.]" classname="MatrixTest$GetFirstRowTest" time="0.007"/>
  <testcase name="getFirstRowTest[2: checking first row of matrix constructed with string &#10;&quot;0&#10;1&quot;.]" classname="MatrixTest$GetFirstRowTest" time="0.002"/>
  <testcase name="getFirstRowTest[3: checking first row of matrix constructed with string &#10;&quot;0 1&#10;2 3&quot;.]" classname="MatrixTest$GetFirstRowTest" time="0.023"/>
  <testcase name="getFirstRowTest[4: checking first row of matrix constructed with string &#10;&quot;0 1 2&#10;3 4 5&#10;6 7 8&quot;.]" classname="MatrixTest$GetFirstRowTest" time="0.008"/>
  <testcase name="getFirstRowTest[0: checking first row of matrix constructed with string &#10;&quot;0&quot;.]" classname="MatrixTest$GetFirstRowTest" time="0.004"/>
  <testcase name="getFirstRowTest[1: checking first row of matrix constructed with string &#10;&quot;0 1&quot;.]" classname="MatrixTest$GetFirstRowTest" time="0.001"/>
  <testcase name="getFirstRowTest[2: checking first row of matrix constructed with string &#10;&quot;0&#10;1&quot;.]" classname="MatrixTest$GetFirstRowTest" time="0.004"/>
  <testcase name="getFirstRowTest[3: checking first row of matrix constructed with string &#10;&quot;0 1&#10;2 3&quot;.]" classname="MatrixTest$GetFirstRowTest" time="0.002"/>
  <testcase name="getFirstRowTest[4: checking first row of matrix constructed with string &#10;&quot;0 1 2&#10;3 4 5&#10;6 7 8&quot;.]" classname="MatrixTest$GetFirstRowTest" time="0.002"/>
  <system-out><![CDATA[]]></system-out>
  <system-err><![CDATA[]]></system-err>
</testsuite>
